Connecting to database specified by database.yml
Compiled jquery.js  (9ms)  (pid 10069)
Compiled jquery_ujs.js  (2ms)  (pid 10069)
Compiled home.js  (324ms)  (pid 10069)
Compiled application.js  (709ms)  (pid 10069)
Compiled home.css  (108ms)  (pid 10069)
Compiled application.css  (203ms)  (pid 10069)
Connecting to database specified by database.yml
Compiled jquery.js  (10ms)  (pid 10069)
Compiled jquery_ujs.js  (2ms)  (pid 10069)
Compiled home.js  (332ms)  (pid 10069)
Compiled application.js  (722ms)  (pid 10069)
Compiled home.css  (52ms)  (pid 10069)
Compiled application.css  (132ms)  (pid 10069)
Connecting to database specified by database.yml
Compiled jquery.js  (8ms)  (pid 10325)
Compiled jquery_ujs.js  (2ms)  (pid 10325)
Compiled home.js  (347ms)  (pid 10325)
Compiled application.js  (739ms)  (pid 10325)
Compiled home.css  (135ms)  (pid 10325)
Compiled application.css  (224ms)  (pid 10325)
Connecting to database specified by database.yml
Compiled jquery.js  (11ms)  (pid 10325)
Compiled jquery_ujs.js  (3ms)  (pid 10325)
Compiled home.js  (389ms)  (pid 10325)
Compiled application.js  (821ms)  (pid 10325)
Compiled home.css  (71ms)  (pid 10325)
Compiled application.css  (149ms)  (pid 10325)
